::1 - - [18/Jun/2019:12:56:28 +0000] "GET / HTTP/1.1" 200 5 "-" "PostmanRuntime/7.6.0"
::1 - - [18/Jun/2019:13:07:03 +0000] "GET /depth HTTP/1.1" - - "-" "PostmanRuntime/7.6.0"
::1 - - [18/Jun/2019:13:09:58 +0000] "GET /depth HTTP/1.1" - - "-" "PostmanRuntime/7.6.0"
::1 - - [18/Jun/2019:13:47:01 +0000] "GET /depth HTTP/1.1" - - "-" "PostmanRuntime/7.6.0"
::1 - - [19/Jun/2019:14:09:39 +0000] "GET / HTTP/1.1" 304 - "-" "Mozilla/5.0 (X11; Linux x86_64) AppleWebKit/537.36 (KHTML, like Gecko) Chrome/75.0.3770.90 Safari/537.36"
::1 - - [19/Jun/2019:14:09:40 +0000] "GET /favicon.ico HTTP/1.1" 404 1003 "http://localhost:8989/" "Mozilla/5.0 (X11; Linux x86_64) AppleWebKit/537.36 (KHTML, like Gecko) Chrome/75.0.3770.90 Safari/537.36"
::1 - - [19/Jun/2019:14:11:44 +0000] "GET /symbolTicker HTTP/1.1" - - "-" "Mozilla/5.0 (X11; Linux x86_64) AppleWebKit/537.36 (KHTML, like Gecko) Chrome/75.0.3770.90 Safari/537.36"
::1 - - [19/Jun/2019:14:13:44 +0000] "GET /symbolTicker HTTP/1.1" - - "-" "Mozilla/5.0 (X11; Linux x86_64) AppleWebKit/537.36 (KHTML, like Gecko) Chrome/75.0.3770.90 Safari/537.36"
::1 - - [19/Jun/2019:14:15:45 +0000] "GET /symbolTicker HTTP/1.1" - - "-" "Mozilla/5.0 (X11; Linux x86_64) AppleWebKit/537.36 (KHTML, like Gecko) Chrome/75.0.3770.90 Safari/537.36"
::1 - - [19/Jun/2019:14:16:20 +0000] "GET /symbolTicker HTTP/1.1" - - "-" "Mozilla/5.0 (X11; Linux x86_64) AppleWebKit/537.36 (KHTML, like Gecko) Chrome/75.0.3770.90 Safari/537.36"
::1 - - [19/Jun/2019:14:25:05 +0000] "GET / HTTP/1.1" 304 - "-" "Mozilla/5.0 (X11; Linux x86_64) AppleWebKit/537.36 (KHTML, like Gecko) Chrome/75.0.3770.90 Safari/537.36"
::1 - - [19/Jun/2019:14:27:24 +0000] "GET /symbolTicker HTTP/1.1" - - "-" "Mozilla/5.0 (X11; Linux x86_64) AppleWebKit/537.36 (KHTML, like Gecko) Chrome/75.0.3770.90 Safari/537.36"
::1 - - [19/Jun/2019:14:27:34 +0000] "GET /symbolTicker HTTP/1.1" - - "-" "Mozilla/5.0 (X11; Linux x86_64) AppleWebKit/537.36 (KHTML, like Gecko) Chrome/75.0.3770.90 Safari/537.36"
::1 - - [20/Jun/2019:05:31:42 +0000] "GET /candlestick HTTP/1.1" - - "-" "PostmanRuntime/7.6.0"
::1 - - [20/Jun/2019:05:35:39 +0000] "GET /candlestick HTTP/1.1" - - "-" "PostmanRuntime/7.6.0"
::1 - - [20/Jun/2019:05:37:41 +0000] "GET /candlestick HTTP/1.1" - - "-" "PostmanRuntime/7.6.0"
::1 - - [20/Jun/2019:05:42:25 +0000] "GET /candlestick HTTP/1.1" - - "-" "PostmanRuntime/7.6.0"
::1 - - [20/Jun/2019:05:48:09 +0000] "GET /candlestick HTTP/1.1" - - "-" "PostmanRuntime/7.6.0"
::1 - - [20/Jun/2019:07:30:53 +0000] "GET / HTTP/1.1" 304 - "-" "Mozilla/5.0 (X11; Linux x86_64) AppleWebKit/537.36 (KHTML, like Gecko) Chrome/75.0.3770.90 Safari/537.36"
::1 - - [20/Jun/2019:10:23:04 +0000] "GET /available HTTP/1.1" 200 2 "-" "PostmanRuntime/7.6.0"
::1 - - [20/Jun/2019:10:31:28 +0000] "GET /prices HTTP/1.1" - - "-" "PostmanRuntime/7.6.0"
::1 - - [20/Jun/2019:10:36:38 +0000] "GET /prices HTTP/1.1" - - "-" "PostmanRuntime/7.6.0"
::1 - - [20/Jun/2019:10:36:40 +0000] "GET /balance HTTP/1.1" 404 1003 "-" "PostmanRuntime/7.6.0"
::1 - - [20/Jun/2019:10:41:25 +0000] "GET /available HTTP/1.1" - - "-" "PostmanRuntime/7.6.0"
::1 - - [20/Jun/2019:10:52:47 +0000] "GET /orderStatus HTTP/1.1" - - "-" "PostmanRuntime/7.6.0"
::1 - - [20/Jun/2019:10:59:09 +0000] "GET /limitStop HTTP/1.1" - - "-" "PostmanRuntime/7.6.0"
::1 - - [20/Jun/2019:11:34:12 +0000] "GET /limitStop HTTP/1.1" - - "-" "PostmanRuntime/7.6.0"
::1 - - [20/Jun/2019:12:01:21 +0000] "GET /limitStop HTTP/1.1" - - "-" "PostmanRuntime/7.6.0"
::1 - - [20/Jun/2019:12:08:38 +0000] "GET /limitStop HTTP/1.1" - - "-" "PostmanRuntime/7.6.0"
::1 - - [20/Jun/2019:12:10:40 +0000] "GET /available HTTP/1.1" - - "-" "PostmanRuntime/7.6.0"
::1 - - [20/Jun/2019:12:16:50 +0000] "GET /limitStop HTTP/1.1" - - "-" "PostmanRuntime/7.6.0"
::1 - - [20/Jun/2019:12:18:52 +0000] "GET /available HTTP/1.1" - - "-" "PostmanRuntime/7.6.0"
::1 - - [20/Jun/2019:12:23:08 +0000] "GET /limitStop HTTP/1.1" - - "-" "PostmanRuntime/7.6.0"
::1 - - [02/Jul/2019:13:10:58 +0000] "GET / HTTP/1.1" 200 5 "-" "Mozilla/5.0 (X11; Linux x86_64) AppleWebKit/537.36 (KHTML, like Gecko) Chrome/75.0.3770.100 Safari/537.36"
::1 - - [02/Jul/2019:13:10:58 +0000] "GET /favicon.ico HTTP/1.1" 404 1003 "http://localhost:8989/" "Mozilla/5.0 (X11; Linux x86_64) AppleWebKit/537.36 (KHTML, like Gecko) Chrome/75.0.3770.100 Safari/537.36"
::1 - - [02/Jul/2019:13:12:03 +0000] "GET /prices HTTP/1.1" - - "-" "Mozilla/5.0 (X11; Linux x86_64) AppleWebKit/537.36 (KHTML, like Gecko) Chrome/75.0.3770.100 Safari/537.36"
::1 - - [02/Jul/2019:13:12:03 +0000] "GET /socket HTTP/1.1" 200 937 "-" "Mozilla/5.0 (X11; Linux x86_64) AppleWebKit/537.36 (KHTML, like Gecko) Chrome/75.0.3770.100 Safari/537.36"
::1 - - [02/Jul/2019:13:12:03 +0000] "GET /stylesheets/style.css HTTP/1.1" 200 111 "http://localhost:8989/socket" "Mozilla/5.0 (X11; Linux x86_64) AppleWebKit/537.36 (KHTML, like Gecko) Chrome/75.0.3770.100 Safari/537.36"
::1 - - [02/Jul/2019:13:13:14 +0000] "GET /socket HTTP/1.1" 304 - "-" "Mozilla/5.0 (X11; Linux x86_64) AppleWebKit/537.36 (KHTML, like Gecko) Chrome/75.0.3770.100 Safari/537.36"
::1 - - [02/Jul/2019:13:13:14 +0000] "GET /stylesheets/style.css HTTP/1.1" 304 - "http://localhost:8989/socket" "Mozilla/5.0 (X11; Linux x86_64) AppleWebKit/537.36 (KHTML, like Gecko) Chrome/75.0.3770.100 Safari/537.36"
::1 - - [02/Jul/2019:13:16:58 +0000] "GET /socket HTTP/1.1" 200 935 "-" "Mozilla/5.0 (X11; Linux x86_64) AppleWebKit/537.36 (KHTML, like Gecko) Chrome/75.0.3770.100 Safari/537.36"
::1 - - [02/Jul/2019:13:16:58 +0000] "GET /stylesheets/style.css HTTP/1.1" 304 - "http://localhost:8989/socket" "Mozilla/5.0 (X11; Linux x86_64) AppleWebKit/537.36 (KHTML, like Gecko) Chrome/75.0.3770.100 Safari/537.36"
