::1 - - [10/Jul/2019:05:19:35 +0000] "GET /prices HTTP/1.1" - - "-" "Mozilla/5.0 (X11; Linux x86_64) AppleWebKit/537.36 (KHTML, like Gecko) Chrome/75.0.3770.100 Safari/537.36"
::1 - - [10/Jul/2019:05:21:35 +0000] "GET /available HTTP/1.1" - - "-" "Mozilla/5.0 (X11; Linux x86_64) AppleWebKit/537.36 (KHTML, like Gecko) Chrome/75.0.3770.100 Safari/537.36"
::1 - - [10/Jul/2019:05:23:35 +0000] "GET /available HTTP/1.1" - - "-" "Mozilla/5.0 (X11; Linux x86_64) AppleWebKit/537.36 (KHTML, like Gecko) Chrome/75.0.3770.100 Safari/537.36"
::1 - - [10/Jul/2019:05:25:35 +0000] "GET /available HTTP/1.1" - - "-" "Mozilla/5.0 (X11; Linux x86_64) AppleWebKit/537.36 (KHTML, like Gecko) Chrome/75.0.3770.100 Safari/537.36"
::1 - - [10/Jul/2019:05:27:35 +0000] "GET /available HTTP/1.1" - - "-" "Mozilla/5.0 (X11; Linux x86_64) AppleWebKit/537.36 (KHTML, like Gecko) Chrome/75.0.3770.100 Safari/537.36"
::1 - - [10/Jul/2019:05:29:40 +0000] "GET /available HTTP/1.1" - - "-" "Mozilla/5.0 (X11; Linux x86_64) AppleWebKit/537.36 (KHTML, like Gecko) Chrome/75.0.3770.100 Safari/537.36"
::1 - - [10/Jul/2019:05:31:40 +0000] "GET /available HTTP/1.1" - - "-" "Mozilla/5.0 (X11; Linux x86_64) AppleWebKit/537.36 (KHTML, like Gecko) Chrome/75.0.3770.100 Safari/537.36"
::1 - - [10/Jul/2019:05:34:10 +0000] "GET /available HTTP/1.1" - - "-" "Mozilla/5.0 (X11; Linux x86_64) AppleWebKit/537.36 (KHTML, like Gecko) Chrome/75.0.3770.100 Safari/537.36"
::1 - - [10/Jul/2019:05:37:10 +0000] "GET /available HTTP/1.1" - - "-" "Mozilla/5.0 (X11; Linux x86_64) AppleWebKit/537.36 (KHTML, like Gecko) Chrome/75.0.3770.100 Safari/537.36"
::1 - - [10/Jul/2019:05:44:10 +0000] "GET /available HTTP/1.1" - - "-" "Mozilla/5.0 (X11; Linux x86_64) AppleWebKit/537.36 (KHTML, like Gecko) Chrome/75.0.3770.100 Safari/537.36"
::1 - - [10/Jul/2019:05:46:11 +0000] "GET /available HTTP/1.1" - - "-" "Mozilla/5.0 (X11; Linux x86_64) AppleWebKit/537.36 (KHTML, like Gecko) Chrome/75.0.3770.100 Safari/537.36"
::1 - - [10/Jul/2019:05:58:11 +0000] "GET /available HTTP/1.1" - - "-" "Mozilla/5.0 (X11; Linux x86_64) AppleWebKit/537.36 (KHTML, like Gecko) Chrome/75.0.3770.100 Safari/537.36"
::1 - - [10/Jul/2019:06:00:11 +0000] "GET /available HTTP/1.1" - - "-" "Mozilla/5.0 (X11; Linux x86_64) AppleWebKit/537.36 (KHTML, like Gecko) Chrome/75.0.3770.100 Safari/537.36"
::1 - - [10/Jul/2019:06:13:36 +0000] "GET /price HTTP/1.1" 404 1123 "-" "Mozilla/5.0 (X11; Linux x86_64) AppleWebKit/537.36 (KHTML, like Gecko) Chrome/75.0.3770.100 Safari/537.36"
::1 - - [10/Jul/2019:07:33:41 +0000] "GET /prices HTTP/1.1" - - "-" "Mozilla/5.0 (X11; Linux x86_64) AppleWebKit/537.36 (KHTML, like Gecko) Chrome/75.0.3770.100 Safari/537.36"
::1 - - [10/Jul/2019:07:35:41 +0000] "GET /prices HTTP/1.1" - - "-" "Mozilla/5.0 (X11; Linux x86_64) AppleWebKit/537.36 (KHTML, like Gecko) Chrome/75.0.3770.100 Safari/537.36"
::1 - - [10/Jul/2019:07:43:00 +0000] "GET /prices HTTP/1.1" - - "-" "Mozilla/5.0 (X11; Linux x86_64) AppleWebKit/537.36 (KHTML, like Gecko) Chrome/75.0.3770.100 Safari/537.36"
::1 - - [10/Jul/2019:07:45:00 +0000] "GET /prices HTTP/1.1" - - "-" "Mozilla/5.0 (X11; Linux x86_64) AppleWebKit/537.36 (KHTML, like Gecko) Chrome/75.0.3770.100 Safari/537.36"
::1 - - [10/Jul/2019:07:52:01 +0000] "GET /prices HTTP/1.1" - - "-" "Mozilla/5.0 (X11; Linux x86_64) AppleWebKit/537.36 (KHTML, like Gecko) Chrome/75.0.3770.100 Safari/537.36"
::1 - - [10/Jul/2019:07:53:02 +0000] "GET /prices HTTP/1.1" - - "-" "Mozilla/5.0 (X11; Linux x86_64) AppleWebKit/537.36 (KHTML, like Gecko) Chrome/75.0.3770.100 Safari/537.36"
::1 - - [10/Jul/2019:07:53:02 +0000] "GET /bidAsk HTTP/1.1" 200 66761 "-" "Mozilla/5.0 (X11; Linux x86_64) AppleWebKit/537.36 (KHTML, like Gecko) Chrome/75.0.3770.100 Safari/537.36"
::1 - - [10/Jul/2019:08:16:23 +0000] "GET /prices HTTP/1.1" 404 1123 "-" "Mozilla/5.0 (X11; Linux x86_64) AppleWebKit/537.36 (KHTML, like Gecko) Chrome/75.0.3770.100 Safari/537.36"
::1 - - [10/Jul/2019:08:18:47 +0000] "GET /prices HTTP/1.1" 404 1123 "-" "Mozilla/5.0 (X11; Linux x86_64) AppleWebKit/537.36 (KHTML, like Gecko) Chrome/75.0.3770.100 Safari/537.36"
::1 - - [10/Jul/2019:08:21:25 +0000] "GET /balance HTTP/1.1" - - "-" "Mozilla/5.0 (X11; Linux x86_64) AppleWebKit/537.36 (KHTML, like Gecko) Chrome/75.0.3770.100 Safari/537.36"
::1 - - [10/Jul/2019:08:23:55 +0000] "GET /balance HTTP/1.1" - - "-" "Mozilla/5.0 (X11; Linux x86_64) AppleWebKit/537.36 (KHTML, like Gecko) Chrome/75.0.3770.100 Safari/537.36"
::1 - - [10/Jul/2019:08:25:55 +0000] "GET /balance HTTP/1.1" - - "-" "Mozilla/5.0 (X11; Linux x86_64) AppleWebKit/537.36 (KHTML, like Gecko) Chrome/75.0.3770.100 Safari/537.36"
